nohup: ignoring input
[nltk_data] Downloading package punkt to /root/nltk_data...
[nltk_data]   Package punkt is already up-to-date!
[nltk_data] Downloading package stopwords to /root/nltk_data...
[nltk_data]   Package stopwords is already up-to-date!
[nltk_data] Downloading package wordnet to /root/nltk_data...
[nltk_data]   Package wordnet is already up-to-date!
contract address 0x28972F1e1D88CE49E144fCaAC02DF94Be2Dc230e
[{'inputs': [], 'stateMutability': 'nonpayable', 'type': 'constructor'}, {'anonymous': False, 'inputs': [{'indexed': True, 'internalType': 'bytes32', 'name': 'documentHash', 'type': 'bytes32'}, {'indexed': True, 'internalType': 'address', 'name': 'uploader', 'type': 'address'}, {'indexed': False, 'internalType': 'uint256', 'name': 'timestamp', 'type': 'uint256'}], 'name': 'DocumentAdded', 'type': 'event'}, {'anonymous': False, 'inputs': [{'indexed': True, 'internalType': 'bytes32', 'name': 'documentHash', 'type': 'bytes32'}, {'indexed': False, 'internalType': 'bool', 'name': 'verified', 'type': 'bool'}], 'name': 'DocumentVerified', 'type': 'event'}, {'inputs': [{'internalType': 'bytes32', 'name': 'documentHash', 'type': 'bytes32'}, {'internalType': 'string', 'name': 'metadata', 'type': 'string'}], 'name': 'addDocument', 'outputs': [], 'stateMutability': 'nonpayable', 'type': 'function'}, {'inputs': [{'internalType': 'bytes32', 'name': 'documentHash', 'type': 'bytes32'}], 'name': 'documentExists', 'outputs': [{'internalType': 'bool', 'name': '', 'type': 'bool'}], 'stateMutability': 'view', 'type': 'function'}, {'inputs': [{'internalType': 'bytes32', 'name': '', 'type': 'bytes32'}], 'name': 'documents', 'outputs': [{'internalType': 'address', 'name': 'uploader', 'type': 'address'}, {'internalType': 'uint256', 'name': 'timestamp', 'type': 'uint256'}, {'internalType': 'bool', 'name': 'exists', 'type': 'bool'}, {'internalType': 'string', 'name': 'metadata', 'type': 'string'}], 'stateMutability': 'view', 'type': 'function'}, {'inputs': [{'internalType': 'bytes32', 'name': 'documentHash', 'type': 'bytes32'}], 'name': 'getDocumentDetails', 'outputs': [{'internalType': 'address', 'name': 'uploader', 'type': 'address'}, {'internalType': 'uint256', 'name': 'timestamp', 'type': 'uint256'}, {'internalType': 'bool', 'name': 'exists', 'type': 'bool'}, {'internalType': 'string', 'name': 'metadata', 'type': 'string'}], 'stateMutability': 'view', 'type': 'function'}, {'inputs': [], 'name': 'owner', 'outputs': [{'internalType': 'address', 'name': '', 'type': 'address'}], 'stateMutability': 'view', 'type': 'function'}, {'inputs': [{'internalType': 'bytes32', 'name': 'documentHash', 'type': 'bytes32'}], 'name': 'verifyDocument', 'outputs': [{'internalType': 'bool', 'name': 'exists', 'type': 'bool'}, {'internalType': 'address', 'name': 'uploader', 'type': 'address'}, {'internalType': 'uint256', 'name': 'timestamp', 'type': 'uint256'}, {'internalType': 'string', 'name': 'metadata', 'type': 'string'}], 'stateMutability': 'nonpayable', 'type': 'function'}]
got these
  0%|                                              | 0.00/72.1M [00:00<?, ?iB/s]  5%|█▊                                   | 3.59M/72.1M [00:00<00:01, 37.3MiB/s] 14%|█████                                | 9.83M/72.1M [00:00<00:01, 53.7MiB/s] 21%|███████▋                             | 15.0M/72.1M [00:00<00:01, 42.6MiB/s] 27%|██████████▏                          | 19.8M/72.1M [00:00<00:01, 44.1MiB/s] 33%|████████████▍                        | 24.1M/72.1M [00:00<00:01, 43.4MiB/s] 42%|███████████████▌                     | 30.2M/72.1M [00:00<00:00, 49.8MiB/s] 51%|███████████████████                  | 37.1M/72.1M [00:00<00:00, 56.5MiB/s] 59%|█████████████████████▊               | 42.6M/72.1M [00:00<00:00, 52.0MiB/s] 66%|████████████████████████▍            | 47.7M/72.1M [00:01<00:00, 44.6MiB/s] 73%|██████████████████████████▉          | 52.6M/72.1M [00:01<00:00, 46.1MiB/s] 81%|█████████████████████████████▊       | 58.0M/72.1M [00:01<00:00, 49.1MiB/s] 87%|████████████████████████████████▎    | 62.9M/72.1M [00:01<00:00, 44.6MiB/s] 94%|██████████████████████████████████▋  | 67.6M/72.1M [00:01<00:00, 45.7MiB/s]100%|█████████████████████████████████████| 72.1M/72.1M [00:01<00:00, 47.3MiB/s]
INFO:     Started server process [1300011]
INFO:     Waiting for application startup.
INFO:     Application startup complete.
ERROR:    [Errno 98] error while attempting to bind on address ('0.0.0.0', 8000): address already in use
INFO:     Waiting for application shutdown.
INFO:     Application shutdown complete.
Using smaller SpaCy model. For better results, install en_core_web_lg
Using smaller SpaCy model. For better results, install en_core_web_lg
import issue
not an issue
